0 verbose cli [
0 verbose cli   '/home/sofialgh14/.nvm/versions/node/v16.15.0/bin/node',
0 verbose cli   '/home/sofialgh14/.nvm/versions/node/v16.15.0/bin/npm',
0 verbose cli   'start'
0 verbose cli ]
1 info using npm@8.5.5
2 info using node@v16.15.0
3 timing npm:load:whichnode Completed in 1ms
4 timing config:load:defaults Completed in 4ms
5 timing config:load:file:/home/sofialgh14/.nvm/versions/node/v16.15.0/lib/node_modules/npm/npmrc Completed in 4ms
6 timing config:load:builtin Completed in 4ms
7 timing config:load:cli Completed in 1ms
8 timing config:load:env Completed in 1ms
9 timing config:load:file:/mnt/c/proyectos/pickit-admin-2.0/.npmrc Completed in 8ms
10 timing config:load:project Completed in 45ms
11 timing config:load:file:/home/sofialgh14/.npmrc Completed in 1ms
12 timing config:load:user Completed in 1ms
13 timing config:load:file:/home/sofialgh14/.nvm/versions/node/v16.15.0/etc/npmrc Completed in 2ms
14 timing config:load:global Completed in 2ms
15 timing config:load:validate Completed in 2ms
16 timing config:load:credentials Completed in 1ms
17 timing config:load:setEnvs Completed in 1ms
18 timing config:load Completed in 63ms
19 timing npm:load:configload Completed in 63ms
20 timing npm:load:setTitle Completed in 0ms
21 timing config:load:flatten Completed in 3ms
22 timing npm:load:display Completed in 4ms
23 verbose logfile /home/sofialgh14/.npm/_logs/2022-05-23T13_14_32_342Z-debug-0.log
24 timing npm:load:logFile Completed in 5ms
25 timing npm:load:timers Completed in 0ms
26 timing npm:load:configScope Completed in 0ms
27 timing npm:load Completed in 74ms
28 silly logfile start cleaning logs, removing 1 files
