0 verbose cli [
0 verbose cli   '/home/sofialgh14/.nvm/versions/node/v16.15.0/bin/node',
0 verbose cli   '/home/sofialgh14/.nvm/versions/node/v16.15.0/bin/npm',
0 verbose cli   'start'
0 verbose cli ]
1 info using npm@8.5.5
2 info using node@v16.15.0
3 timing npm:load:whichnode Completed in 0ms
4 timing config:load:defaults Completed in 11ms
5 timing config:load:file:/home/sofialgh14/.nvm/versions/node/v16.15.0/lib/node_modules/npm/npmrc Completed in 8ms
6 timing config:load:builtin Completed in 9ms
7 timing config:load:cli Completed in 2ms
8 timing config:load:env Completed in 1ms
9 timing config:load:file:/home/sofialgh14/sofi-pokedex/.npmrc Completed in 0ms
10 timing config:load:project Completed in 26ms
11 timing config:load:file:/home/sofialgh14/.npmrc Completed in 6ms
12 timing config:load:user Completed in 7ms
13 timing config:load:file:/home/sofialgh14/.nvm/versions/node/v16.15.0/etc/npmrc Completed in 3ms
14 timing config:load:global Completed in 3ms
15 timing config:load:validate Completed in 6ms
16 timing config:load:credentials Completed in 1ms
17 timing config:load:setEnvs Completed in 2ms
18 timing config:load Completed in 68ms
19 timing npm:load:configload Completed in 68ms
20 timing npm:load:setTitle Completed in 0ms
21 timing config:load:flatten Completed in 7ms
22 timing npm:load:display Completed in 12ms
23 verbose logfile /home/sofialgh14/.npm/_logs/2022-05-30T01_32_18_358Z-debug-0.log
24 timing npm:load:logFile Completed in 13ms
25 timing npm:load:timers Completed in 0ms
26 timing npm:load:configScope Completed in 1ms
27 timing npm:load Completed in 95ms
28 silly logfile start cleaning logs, removing 1 files
